<?xml version="1.0" encoding="UTF-8"?>
<testng-results ignored="0" total="1" passed="1" failed="0" skipped="0">
  <reporter-output>
  </reporter-output>
  <suite started-at="2026-01-23T03:13:29 MYT" name="Default suite" finished-at="2026-01-23T03:14:03 MYT" duration-ms="34578">
    <groups>
    </groups>
    <test started-at="2026-01-23T03:13:29 MYT" name="Default test" finished-at="2026-01-23T03:14:03 MYT" duration-ms="34578">
      <class name="testcase.MyFirstTest">
        <test-method is-config="true" signature="setUp()[pri:0, instance:testcase.MyFirstTest@4e08711f]" started-at="2026-01-23T03:13:29 MYT" name="setUp" finished-at="2026-01-23T03:13:43 MYT" duration-ms="13683" status="PASS">
          <reporter-output>
          </reporter-output>
        </test-method> <!-- setUp -->
        <test-method signature="LoginTest()[pri:0, instance:testcase.MyFirstTest@4e08711f]" started-at="2026-01-23T03:13:43 MYT" name="LoginTest" finished-at="2026-01-23T03:14:03 MYT" duration-ms="20120" status="PASS">
          <reporter-output>
          </reporter-output>
        </test-method> <!-- LoginTest -->
        <test-method is-config="true" signature="tearDown()[pri:0, instance:testcase.MyFirstTest@4e08711f]" started-at="2026-01-23T03:14:03 MYT" name="tearDown" finished-at="2026-01-23T03:14:03 MYT" duration-ms="584" status="PASS">
          <reporter-output>
          </reporter-output>
        </test-method> <!-- tearDown -->
      </class> <!-- testcase.MyFirstTest -->
    </test> <!-- Default test -->
  </suite> <!-- Default suite -->
</testng-results>
