<?xml version="1.0" encoding="UTF-8"?>
<testng-results ignored="0" total="1" passed="1" failed="0" skipped="0">
  <reporter-output>
  </reporter-output>
  <suite started-at="2026-01-28T02:28:48 MYT" name="BVT Test Suite" finished-at="2026-01-28T02:29:11 MYT" duration-ms="23143">
    <groups>
    </groups>
    <test started-at="2026-01-28T02:28:48 MYT" name="BVT Test" finished-at="2026-01-28T02:29:11 MYT" duration-ms="23143">
      <class name="testcase.MyFirstTest">
        <test-method is-config="true" signature="setUp()[pri:0, instance:testcase.MyFirstTest@4e08711f]" started-at="2026-01-28T02:28:48 MYT" name="setUp" finished-at="2026-01-28T02:28:56 MYT" duration-ms="7884" status="PASS">
          <reporter-output>
          </reporter-output>
        </test-method> <!-- setUp -->
        <test-method signature="LoginTest()[pri:0, instance:testcase.MyFirstTest@4e08711f]" started-at="2026-01-28T02:28:56 MYT" name="LoginTest" finished-at="2026-01-28T02:29:11 MYT" duration-ms="14957" status="PASS">
          <reporter-output>
          </reporter-output>
        </test-method> <!-- LoginTest -->
        <test-method is-config="true" signature="tearDown()[pri:0, instance:testcase.MyFirstTest@4e08711f]" started-at="2026-01-28T02:29:11 MYT" name="tearDown" finished-at="2026-01-28T02:29:11 MYT" duration-ms="270" status="PASS">
          <reporter-output>
          </reporter-output>
        </test-method> <!-- tearDown -->
      </class> <!-- testcase.MyFirstTest -->
    </test> <!-- BVT Test -->
  </suite> <!-- BVT Test Suite -->
</testng-results>
